<?xml version="1.0" encoding="UTF-8"?>
<!-- Generated by org.testng.reporters.JUnitReportReporter -->
<testsuite hostname="TYSS-Lini-B-Asok" failures="0" tests="2" name="My_practice2.DataProvide_Test" time="7.491" errors="0" timestamp="2023-12-16T08:07:14 IST" skipped="0">
  <testcase classname="My_practice2.DataProvide_Test" name="Login" time="4.679"/>
  <system-out/>
  <testcase classname="My_practice2.DataProvide_Test" name="Login" time="2.812"/>
  <system-out/>
</testsuite> <!-- My_practice2.DataProvide_Test -->
