<?xml version="1.0" encoding="UTF-8"?>
<!-- Generated by org.testng.reporters.JUnitReportReporter -->
<testsuite hostname="TYSS-Lini-B-Asok" failures="0" tests="1" name="com.generalutility.ExtentRport3" time="1.524" errors="0" timestamp="2023-12-15T22:11:09 IST" skipped="0">
  <testcase classname="com.generalutility.ExtentRport3" name="TestATest" time="1.524"/>
  <system-out/>
</testsuite> <!-- com.generalutility.ExtentRport3 -->
