<?xml version="1.0" encoding="UTF-8"?>
<!-- Generated by org.testng.reporters.JUnitReportReporter -->
<testsuite hostname="TYSS-Lini-B-Asok" failures="0" tests="1" name="ExtendReport.Tc_002_AddScreenShot" time="8.432" errors="0" timestamp="2023-12-15T10:57:37 IST" skipped="0">
  <testcase classname="ExtendReport.Tc_002_AddScreenShot" name="screenshot" time="8.432"/>
  <system-out/>
</testsuite> <!-- ExtendReport.Tc_002_AddScreenShot -->
