<?xml version="1.0" encoding="UTF-8"?>
<!-- Generated by org.testng.reporters.JUnitReportReporter -->
<testsuite hostname="TYSS-Lini-B-Asok" failures="0" tests="1" name="My_practice2.HardAssert" time="3.227" errors="0" timestamp="2023-12-15T23:07:57 IST" skipped="0">
  <testcase classname="My_practice2.HardAssert" name="login" time="3.227"/>
  <system-out>
    <![CDATA[sucessfully executed]]>
  </system-out>
</testsuite> <!-- My_practice2.HardAssert -->
