<?xml version="1.0" encoding="UTF-8"?>
<!-- Generated by org.testng.reporters.JUnitReportReporter -->
<testsuite hostname="TYSS-Lini-B-Asok" failures="0" tests="1" name="ExtendReport.TC_001_ExtendReports" time="1.432" errors="0" timestamp="2023-12-15T10:15:27 IST" skipped="0">
  <testcase classname="ExtendReport.TC_001_ExtendReports" name="ER" time="1.432"/>
  <system-out/>
</testsuite> <!-- ExtendReport.TC_001_ExtendReports -->
